app/build/outputs/logs/manifest-merger-debug-report.txt
-- Merging decision tree log ---
manifest
ADDED from AndroidManifest.xml:2:1
	xmlns:android
		ADDED from AndroidManifest.xml:2:11
	package
		ADDED from AndroidManifest.xml:3:5
	android:versionName
		ADDED from AndroidManifest.xml:5:5
	android:versionCode
		ADDED from AndroidManifest.xml:4:5
		INJECTED from AndroidManifest.xml:0:0
		INJECTED from AndroidManifest.xml:0:0
uses-sdk
ADDED from AndroidManifest.xml:7:5
MERGED from org.eclipse.paho.android.service.sample-withSource:PahoAndroidService:unspecified:7:5
MERGED from com.android.support:support-v4:22.2.0:20:5
MERGED from com.android.support:support-v4:22.2.0:20:5
	android:targetSdkVersion
		ADDED from AndroidManifest.xml:9:9
	android:minSdkVersion
		ADDED from AndroidManifest.xml:8:9
uses-permission#android.permission.WAKE_LOCK
ADDED from AndroidManifest.xml:12:5
MERGED from org.eclipse.paho.android.service.sample-withSource:PahoAndroidService:unspecified:12:5
MERGED from org.eclipse.paho.android.service.sample-withSource:PahoAndroidService:unspecified:17:5
	android:name
		ADDED from AndroidManifest.xml:12:22
uses-permission#android.permission.INTERNET
ADDED from AndroidManifest.xml:13:5
MERGED from org.eclipse.paho.android.service.sample-withSource:PahoAndroidService:unspecified:13:5
MERGED from org.eclipse.paho.android.service.sample-withSource:PahoAndroidService:unspecified:18:5
	android:name
		ADDED from AndroidManifest.xml:13:22
uses-permission#android.permission.WRITE_EXTERNAL_STORAGE
ADDED from AndroidManifest.xml:14:5
MERGED from org.eclipse.paho.android.service.sample-withSource:PahoAndroidService:unspecified:14:5
MERGED from org.eclipse.paho.android.service.sample-withSource:PahoAndroidService:unspecified:19:5
	android:name
		ADDED from AndroidManifest.xml:14:22
uses-permission#android.permission.ACCESS_NETWORK_STATE
ADDED from AndroidManifest.xml:15:5
MERGED from org.eclipse.paho.android.service.sample-withSource:PahoAndroidService:unspecified:15:5
MERGED from org.eclipse.paho.android.service.sample-withSource:PahoAndroidService:unspecified:20:5
	android:name
		ADDED from AndroidManifest.xml:15:22
android:uses-permission#android.permission.READ_PHONE_STATE
ADDED from AndroidManifest.xml:17:5
	android:name
		ADDED from AndroidManifest.xml:17:30
android:uses-permission#android.permission.READ_EXTERNAL_STORAGE
ADDED from AndroidManifest.xml:18:5
	android:maxSdkVersion
		ADDED from AndroidManifest.xml:20:9
	android:name
		ADDED from AndroidManifest.xml:19:9
application
ADDED from AndroidManifest.xml:22:5
MERGED from org.eclipse.paho.android.service.sample-withSource:PahoAndroidService:unspecified:22:5
MERGED from com.android.support:support-v4:22.2.0:22:5
MERGED from com.android.support:support-v4:22.2.0:22:5
	android:label
		ADDED from AndroidManifest.xml:25:9
	android:allowBackup
		ADDED from AndroidManifest.xml:23:9
	android:icon
		ADDED from AndroidManifest.xml:24:9
	android:theme
		ADDED from AndroidManifest.xml:26:9
service#org.eclipse.paho.android.service.MqttService
ADDED from AndroidManifest.xml:29:9
MERGED from org.eclipse.paho.android.service.sample-withSource:PahoAndroidService:unspecified:29:9
	android:name
		ADDED from AndroidManifest.xml:29:18
activity#org.eclipse.paho.android.service.sample.ClientConnections
ADDED from AndroidManifest.xml:32:9
	android:name
		ADDED from AndroidManifest.xml:32:19
activity#org.eclipse.paho.android.service.sample.NewConnection
ADDED from AndroidManifest.xml:37:9
	android:label
		ADDED from AndroidManifest.xml:39:13
	android:name
		ADDED from AndroidManifest.xml:38:13
activity#org.eclipse.paho.android.service.sample.Advanced
ADDED from AndroidManifest.xml:42:9
	android:label
		ADDED from AndroidManifest.xml:44:13
	android:name
		ADDED from AndroidManifest.xml:43:13
activity#org.eclipse.paho.android.service.sample.LastWill
ADDED from AndroidManifest.xml:47:9
	android:label
		ADDED from AndroidManifest.xml:49:13
	android:name
		ADDED from AndroidManifest.xml:48:13
activity#org.eclipse.paho.android.service.sample.ConnectionDetails
ADDED from AndroidManifest.xml:52:9
	android:label
		ADDED from AndroidManifest.xml:54:13
	android:name
		ADDED from AndroidManifest.xml:53:13
activity#org.eclipse.paho.android.service.sample.ChatWindow
ADDED from AndroidManifest.xml:55:9
	android:label
		ADDED from AndroidManifest.xml:57:13
	android:name
		ADDED from AndroidManifest.xml:56:13
intent-filter#android.intent.action.MAIN+android.intent.category.LAUNCHER
ADDED from AndroidManifest.xml:59:13
action#android.intent.action.MAIN
ADDED from AndroidManifest.xml:60:17
	android:name
		ADDED from AndroidManifest.xml:60:25
category#android.intent.category.LAUNCHER
ADDED from AndroidManifest.xml:62:17
	android:name
		ADDED from AndroidManifest.xml:62:27
activity#org.eclipse.paho.android.service.sample.NewChat
ADDED from AndroidManifest.xml:66:9
	android:label
		ADDED from AndroidManifest.xml:68:13
	android:name
		ADDED from AndroidManifest.xml:67:13